<?xml version="1.0" encoding="UTF-8"?>
<!-- Generated by org.testng.reporters.JUnitReportReporter -->
<testsuite hostname="VKPRABHU-mac" failures="0" tests="5" name="com.crm.qa.testcases.HomePageTest" time="138.801" errors="0" timestamp="2024-05-01T10:49:02 IST" skipped="0">
  <testcase classname="com.crm.qa.testcases.HomePageTest" name="validateHomePageTitle" time="25.677"/>
  <testcase classname="com.crm.qa.testcases.HomePageTest" name="validateloggedinUserName" time="26.196"/>
  <testcase classname="com.crm.qa.testcases.HomePageTest" name="validateclickContacts" time="29.059"/>
  <testcase classname="com.crm.qa.testcases.HomePageTest" name="validateclickDeals" time="29.639"/>
  <testcase classname="com.crm.qa.testcases.HomePageTest" name="validateclickTasks" time="28.230"/>
</testsuite> <!-- com.crm.qa.testcases.HomePageTest -->
