<?xml version="1.0" encoding="UTF-8"?>
<!-- Generated by org.testng.reporters.JUnitReportReporter -->
<testsuite hostname="VKPRABHU-mac" failures="0" tests="5" name="com.crm.qa.testcases.LoginPageTest" time="116.983" errors="0" timestamp="2024-05-01T10:49:02 IST" skipped="0">
  <testcase classname="com.crm.qa.testcases.LoginPageTest" name="validateLoginPageTitletest" time="13.674"/>
  <testcase classname="com.crm.qa.testcases.LoginPageTest" name="validatefreecrmLinkTest" time="14.564"/>
  <testcase classname="com.crm.qa.testcases.LoginPageTest" name="validatePricingLinkTest" time="22.129"/>
  <testcase classname="com.crm.qa.testcases.LoginPageTest" name="EnterLoginCredentialsTest" time="25.721"/>
  <testcase classname="com.crm.qa.testcases.LoginPageTest" name="LogoutTest" time="40.895"/>
</testsuite> <!-- com.crm.qa.testcases.LoginPageTest -->
