<?xml version="1.0" encoding="UTF-8"?>
<!-- Generated by org.testng.reporters.JUnitReportReporter -->
<testsuite hostname="VKPRABHU-mac" failures="0" tests="3" name="com.crm.qa.testcases.ContactsPageTest" time="266.601" errors="0" timestamp="2024-05-01T12:06:14 IST" skipped="0">
  <testcase classname="com.crm.qa.testcases.ContactsPageTest" name="validateEnterNewConactsDetails" time="78.902"/>
  <testcase classname="com.crm.qa.testcases.ContactsPageTest" name="validateEnterNewConactsDetails" time="106.568"/>
  <testcase classname="com.crm.qa.testcases.ContactsPageTest" name="validateEnterNewConactsDetails" time="81.131"/>
</testsuite> <!-- com.crm.qa.testcases.ContactsPageTest -->
