<?xml version="1.0" encoding="UTF-8"?>
<!-- Generated by org.testng.reporters.JUnitReportReporter -->
<testsuite hostname="VKPRABHU-mac" failures="0" tests="4" name="com.crm.qa.testcases.ContactsPageTest" time="297.994" errors="0" timestamp="2024-10-24T10:33:37 IST" skipped="0">
  <testcase classname="com.crm.qa.testcases.ContactsPageTest" name="validateContactspage" time="35.625"/>
  <testcase classname="com.crm.qa.testcases.ContactsPageTest" name="validateEnterNewConactsDetails" time="86.983"/>
  <testcase classname="com.crm.qa.testcases.ContactsPageTest" name="validateEnterNewConactsDetails" time="89.061"/>
  <testcase classname="com.crm.qa.testcases.ContactsPageTest" name="validateEnterNewConactsDetails" time="86.325"/>
</testsuite> <!-- com.crm.qa.testcases.ContactsPageTest -->
