<?xml version="1.0" encoding="UTF-8"?>
<!-- Generated by org.testng.reporters.JUnitReportReporter -->
<testsuite hostname="VKPRABHU-mac" failures="0" tests="5" name="com.crm.qa.testcases.HomePageTest" time="173.507" errors="0" timestamp="2024-10-24T10:33:37 IST" skipped="0">
  <testcase classname="com.crm.qa.testcases.HomePageTest" name="validateHomePageTitle" time="35.634"/>
  <testcase classname="com.crm.qa.testcases.HomePageTest" name="validateloggedinUserName" time="31.652"/>
  <testcase classname="com.crm.qa.testcases.HomePageTest" name="validateclickContacts" time="34.623"/>
  <testcase classname="com.crm.qa.testcases.HomePageTest" name="validateclickDeals" time="36.101"/>
  <testcase classname="com.crm.qa.testcases.HomePageTest" name="validateclickTasks" time="35.497"/>
</testsuite> <!-- com.crm.qa.testcases.HomePageTest -->
