<?xml version="1.0" encoding="UTF-8"?>
<!-- Generated by org.testng.reporters.JUnitReportReporter -->
<testsuite hostname="VKPRABHU-mac" failures="0" tests="5" name="com.crm.qa.testcases.LoginPageTest" time="15.528" errors="0" timestamp="2024-10-28T21:37:57 IST" skipped="4">
  <testcase classname="com.crm.qa.testcases.LoginPageTest" name="validateLoginPageTitletest" time="15.528"/>
  <testcase classname="com.crm.qa.testcases.LoginPageTest" name="validatePricingLinkTest">
    <skipped/>
  </testcase> <!-- validatePricingLinkTest -->
  <testcase classname="com.crm.qa.testcases.LoginPageTest" name="EnterLoginCredentialsTest">
    <skipped/>
  </testcase> <!-- EnterLoginCredentialsTest -->
  <testcase classname="com.crm.qa.testcases.LoginPageTest" name="LogoutTest">
    <skipped/>
  </testcase> <!-- LogoutTest -->
  <testcase classname="com.crm.qa.testcases.LoginPageTest" name="validatefreecrmLinkTest">
    <skipped/>
  </testcase> <!-- validatefreecrmLinkTest -->
</testsuite> <!-- com.crm.qa.testcases.LoginPageTest -->
